--> Wrapper Started as Console
Launching a JVM...
Wrapper (Version 3.2.3) http://wrapper.tanukisoftware.org
  Copyright 1999-2006 Tanuki Software, Inc.  All Rights Reserved.

WrapperSimpleApp: Unable to locate the class org.sonar.application.App: java.lang.UnsupportedClassVersionError: org/sonar/application/App : Unsupported major.minor version 52.0

WrapperSimpleApp Usage:
  java org.tanukisoftware.wrapper.WrapperSimpleApp {app_class} [app_arguments]

Where:
  app_class:      The fully qualified class name of the application to run.
  app_arguments:  The arguments that would normally be passed to the
                  application.
<-- Wrapper Stopped
--> Wrapper Started as Daemon
Launching a JVM...
Wrapper (Version 3.2.3) http://wrapper.tanukisoftware.org
  Copyright 1999-2006 Tanuki Software, Inc.  All Rights Reserved.

WrapperSimpleApp: Unable to locate the class org.sonar.application.App: java.lang.UnsupportedClassVersionError: org/sonar/application/App : Unsupported major.minor version 52.0

WrapperSimpleApp Usage:
  java org.tanukisoftware.wrapper.WrapperSimpleApp {app_class} [app_arguments]

Where:
  app_class:      The fully qualified class name of the application to run.
  app_arguments:  The arguments that would normally be passed to the
                  application.
<-- Wrapper Stopped
--> Wrapper Started as Console
Launching a JVM...
Wrapper (Version 3.2.3) http://wrapper.tanukisoftware.org
  Copyright 1999-2006 Tanuki Software, Inc.  All Rights Reserved.

WrapperSimpleApp: Unable to locate the class org.sonar.application.App: java.lang.UnsupportedClassVersionError: org/sonar/application/App : Unsupported major.minor version 52.0

WrapperSimpleApp Usage:
  java org.tanukisoftware.wrapper.WrapperSimpleApp {app_class} [app_arguments]

Where:
  app_class:      The fully qualified class name of the application to run.
  app_arguments:  The arguments that would normally be passed to the
                  application.
<-- Wrapper Stopped
--> Wrapper Started as Console
Launching a JVM...
Wrapper (Version 3.2.3) http://wrapper.tanukisoftware.org
  Copyright 1999-2006 Tanuki Software, Inc.  All Rights Reserved.

OpenJDK 64-Bit Server VM warning: You have loaded library /home/erico/sonarqube-6.5/bin/linux-x86-32/lib/libwrapper.so which might have disabled stack guard. The VM will try to fix the stack guard now.
It's highly recommended that you fix the library with 'execstack -c <libfile>', or link it with '-z noexecstack'.

WARNING - Unable to load the Wrapper's native library 'libwrapper.so'.
          The file is located on the path at the following location but
          could not be loaded:
            /home/erico/sonarqube-6.5/bin/linux-x86-32/./lib/libwrapper.so
          Please verify that the file is readable by the current user
          and that the file has not been corrupted in any way.
          One common cause of this problem is running a 32-bit version
          of the Wrapper with a 64-bit version of Java, or vica versa.
          This is a 64-bit JVM.
          Reported cause:
            /home/erico/sonarqube-6.5/bin/linux-x86-32/lib/libwrapper.so: /home/erico/sonarqube-6.5/bin/linux-x86-32/lib/libwrapper.so: classe ELF errada: ELFCLASS32 (Possible cause: architecture word width mismatch)
          System signals will not be handled correctly.

WrapperSimpleApp: Unable to locate the class org.sonar.application.App: java.lang.UnsupportedClassVersionError: org/sonar/application/App : Unsupported major.minor version 52.0

WrapperSimpleApp Usage:
  java org.tanukisoftware.wrapper.WrapperSimpleApp {app_class} [app_arguments]

Where:
  app_class:      The fully qualified class name of the application to run.
  app_arguments:  The arguments that would normally be passed to the
                  application.
<-- Wrapper Stopped
--> Wrapper Started as Console
Launching a JVM...
Wrapper (Version 3.2.3) http://wrapper.tanukisoftware.org
  Copyright 1999-2006 Tanuki Software, Inc.  All Rights Reserved.

WrapperSimpleApp: Unable to locate the class org.sonar.application.App: java.lang.UnsupportedClassVersionError: org/sonar/application/App : Unsupported major.minor version 52.0

WrapperSimpleApp Usage:
  java org.tanukisoftware.wrapper.WrapperSimpleApp {app_class} [app_arguments]

Where:
  app_class:      The fully qualified class name of the application to run.
  app_arguments:  The arguments that would normally be passed to the
                  application.
<-- Wrapper Stopped
--> Wrapper Started as Console
Launching a JVM...
Wrapper (Version 3.2.3) http://wrapper.tanukisoftware.org
  Copyright 1999-2006 Tanuki Software, Inc.  All Rights Reserved.

2017.10.08 15:56:41 INFO  app[][o.s.a.AppFileSystem] Cleaning or creating temp directory /home/erico/sonarqube-6.5/temp
2017.10.08 15:56:41 INFO  app[][o.s.a.p.JavaProcessLauncherImpl] Launch process[es]: /usr/lib/jvm/java-8-openjdk-amd64/jre/bin/java -Djava.awt.headless=true -Xmx1G -Xms256m -Xss256k -Djna.nosys=true -XX:+UseParNewGC -XX:+UseConcMarkSweepGC -XX:CMSInitiatingOccupancyFraction=75 -XX:+UseCMSInitiatingOccupancyOnly -XX:+HeapDumpOnOutOfMemoryError -Djava.io.tmpdir=/home/erico/sonarqube-6.5/temp -cp ./lib/common/*:./lib/search/* org.sonar.search.SearchServer /home/erico/sonarqube-6.5/temp/sq-process7522912388377301770properties
2017.10.08 15:56:52 INFO  app[][o.s.a.SchedulerImpl] Process[es] is up
2017.10.08 15:56:52 INFO  app[][o.s.a.p.JavaProcessLauncherImpl] Launch process[web]: /usr/lib/jvm/java-8-openjdk-amd64/jre/bin/java -Djava.awt.headless=true -Dfile.encoding=UTF-8 -Xmx512m -Xms128m -XX:+HeapDumpOnOutOfMemoryError -Djava.io.tmpdir=/home/erico/sonarqube-6.5/temp -cp ./lib/common/*:./lib/server/*:/home/erico/sonarqube-6.5/lib/jdbc/h2/h2-1.3.176.jar org.sonar.server.app.WebServer /home/erico/sonarqube-6.5/temp/sq-process3002465412409910269properties
2017.10.08 15:57:39 INFO  app[][o.s.a.SchedulerImpl] Process[web] is up
2017.10.08 15:57:39 INFO  app[][o.s.a.p.JavaProcessLauncherImpl] Launch process[ce]: /usr/lib/jvm/java-8-openjdk-amd64/jre/bin/java -Djava.awt.headless=true -Dfile.encoding=UTF-8 -Xmx512m -Xms128m -XX:+HeapDumpOnOutOfMemoryError -Djava.io.tmpdir=/home/erico/sonarqube-6.5/temp -cp ./lib/common/*:./lib/server/*:./lib/ce/*:/home/erico/sonarqube-6.5/lib/jdbc/h2/h2-1.3.176.jar org.sonar.ce.app.CeServer /home/erico/sonarqube-6.5/temp/sq-process4195937381803126282properties
2017.10.08 15:57:43 INFO  app[][o.s.a.SchedulerImpl] Process[ce] is up
2017.10.08 15:57:43 INFO  app[][o.s.a.SchedulerImpl] SonarQube is up
2017.10.08 16:17:31 INFO  app[][o.s.a.SchedulerImpl] Process [es] is stopped
2017.10.08 16:17:31 INFO  app[][o.s.a.SchedulerImpl] Process [ce] is stopped
2017.10.08 16:17:31 INFO  app[][o.s.a.SchedulerImpl] Process [web] is stopped
2017.10.08 16:17:31 INFO  app[][o.s.a.SchedulerImpl] SonarQube is stopped
<-- Wrapper Stopped
--> Wrapper Started as Console
Launching a JVM...
Wrapper (Version 3.2.3) http://wrapper.tanukisoftware.org
  Copyright 1999-2006 Tanuki Software, Inc.  All Rights Reserved.

2017.12.06 04:12:34 INFO  app[][o.s.a.AppFileSystem] Cleaning or creating temp directory /home/erico/sonarqube-6.5/temp
2017.12.06 04:12:35 INFO  app[][o.s.a.p.JavaProcessLauncherImpl] Launch process[es]: /usr/lib/jvm/java-8-openjdk-amd64/jre/bin/java -Djava.awt.headless=true -Xmx1G -Xms256m -Xss256k -Djna.nosys=true -XX:+UseParNewGC -XX:+UseConcMarkSweepGC -XX:CMSInitiatingOccupancyFraction=75 -XX:+UseCMSInitiatingOccupancyOnly -XX:+HeapDumpOnOutOfMemoryError -Djava.io.tmpdir=/home/erico/sonarqube-6.5/temp -cp ./lib/common/*:./lib/search/* org.sonar.search.SearchServer /home/erico/sonarqube-6.5/temp/sq-process1122254700561265312properties
2017.12.06 04:12:50 INFO  app[][o.s.a.SchedulerImpl] Process[es] is up
2017.12.06 04:12:50 INFO  app[][o.s.a.p.JavaProcessLauncherImpl] Launch process[web]: /usr/lib/jvm/java-8-openjdk-amd64/jre/bin/java -Djava.awt.headless=true -Dfile.encoding=UTF-8 -Xmx512m -Xms128m -XX:+HeapDumpOnOutOfMemoryError -Djava.io.tmpdir=/home/erico/sonarqube-6.5/temp -cp ./lib/common/*:./lib/server/*:/home/erico/sonarqube-6.5/lib/jdbc/h2/h2-1.3.176.jar org.sonar.server.app.WebServer /home/erico/sonarqube-6.5/temp/sq-process255117068105088890properties
2017.12.06 04:13:08 INFO  app[][o.s.a.SchedulerImpl] Process[web] is up
2017.12.06 04:13:08 INFO  app[][o.s.a.p.JavaProcessLauncherImpl] Launch process[ce]: /usr/lib/jvm/java-8-openjdk-amd64/jre/bin/java -Djava.awt.headless=true -Dfile.encoding=UTF-8 -Xmx512m -Xms128m -XX:+HeapDumpOnOutOfMemoryError -Djava.io.tmpdir=/home/erico/sonarqube-6.5/temp -cp ./lib/common/*:./lib/server/*:./lib/ce/*:/home/erico/sonarqube-6.5/lib/jdbc/h2/h2-1.3.176.jar org.sonar.ce.app.CeServer /home/erico/sonarqube-6.5/temp/sq-process4795503520489627096properties
2017.12.06 04:13:11 INFO  app[][o.s.a.SchedulerImpl] Process[ce] is up
2017.12.06 04:13:11 INFO  app[][o.s.a.SchedulerImpl] SonarQube is up
--> Wrapper Started as Console
Launching a JVM...
Wrapper (Version 3.2.3) http://wrapper.tanukisoftware.org
  Copyright 1999-2006 Tanuki Software, Inc.  All Rights Reserved.

2017.12.06 05:26:37 INFO  app[][o.s.a.AppFileSystem] Cleaning or creating temp directory /home/erico/sonarqube-6.5/temp
2017.12.06 05:26:37 INFO  app[][o.s.a.p.JavaProcessLauncherImpl] Launch process[es]: /usr/lib/jvm/java-8-openjdk-amd64/jre/bin/java -Djava.awt.headless=true -Xmx1G -Xms256m -Xss256k -Djna.nosys=true -XX:+UseParNewGC -XX:+UseConcMarkSweepGC -XX:CMSInitiatingOccupancyFraction=75 -XX:+UseCMSInitiatingOccupancyOnly -XX:+HeapDumpOnOutOfMemoryError -Djava.io.tmpdir=/home/erico/sonarqube-6.5/temp -cp ./lib/common/*:./lib/search/* org.sonar.search.SearchServer /home/erico/sonarqube-6.5/temp/sq-process2737370181127052755properties
2017.12.06 05:26:51 INFO  app[][o.s.a.SchedulerImpl] Process[es] is up
2017.12.06 05:26:51 INFO  app[][o.s.a.p.JavaProcessLauncherImpl] Launch process[web]: /usr/lib/jvm/java-8-openjdk-amd64/jre/bin/java -Djava.awt.headless=true -Dfile.encoding=UTF-8 -Xmx512m -Xms128m -XX:+HeapDumpOnOutOfMemoryError -Djava.io.tmpdir=/home/erico/sonarqube-6.5/temp -cp ./lib/common/*:./lib/server/*:/home/erico/sonarqube-6.5/lib/jdbc/h2/h2-1.3.176.jar org.sonar.server.app.WebServer /home/erico/sonarqube-6.5/temp/sq-process5364616846401538705properties
2017.12.06 05:27:09 INFO  app[][o.s.a.SchedulerImpl] Process[web] is up
2017.12.06 05:27:10 INFO  app[][o.s.a.p.JavaProcessLauncherImpl] Launch process[ce]: /usr/lib/jvm/java-8-openjdk-amd64/jre/bin/java -Djava.awt.headless=true -Dfile.encoding=UTF-8 -Xmx512m -Xms128m -XX:+HeapDumpOnOutOfMemoryError -Djava.io.tmpdir=/home/erico/sonarqube-6.5/temp -cp ./lib/common/*:./lib/server/*:./lib/ce/*:/home/erico/sonarqube-6.5/lib/jdbc/h2/h2-1.3.176.jar org.sonar.ce.app.CeServer /home/erico/sonarqube-6.5/temp/sq-process1207052043034323184properties
2017.12.06 05:27:13 INFO  app[][o.s.a.SchedulerImpl] Process[ce] is up
2017.12.06 05:27:13 INFO  app[][o.s.a.SchedulerImpl] SonarQube is up
INT trapped.  Shutting down.
2017.12.06 07:04:49 INFO  app[][o.s.a.SchedulerImpl] Process [es] is stopped
2017.12.06 07:04:49 INFO  app[][o.s.a.SchedulerImpl] Process [ce] is stopped
2017.12.06 07:04:49 INFO  app[][o.s.a.SchedulerImpl] Process [web] is stopped
2017.12.06 07:04:49 INFO  app[][o.s.a.SchedulerImpl] SonarQube is stopped
<-- Wrapper Stopped
